#
# There is insufficient memory for the Java Runtime Environment to continue.
# Native memory allocation (malloc) failed to allocate 135266304 bytes for committing reserved memory.
# Possible reasons:
#   The system is out of physical RAM or swap space
#   In 32 bit mode, the process size limit was hit
# Possible solutions:
#   Reduce memory load on the system
#   Increase physical memory or swap space
#   Check if swap backing store is full
#   Use 64 bit Java on a 64 bit OS
#   Decrease Java heap size (-Xmx/-Xms)
#   Decrease number of Java threads
#   Decrease Java thread stack sizes (-Xss)
#   Set larger code cache with -XX:ReservedCodeCacheSize=
# This output file may be truncated or incomplete.
#
#  Out of Memory Error (os_linux.cpp:2827), pid=5692, tid=139701663037184
#
# JRE version: OpenJDK Runtime Environment (7.0_91-b02) (build 1.7.0_91-b02)
# Java VM: OpenJDK 64-Bit Server VM (24.91-b01 mixed mode linux-amd64 compressed oops)
# Derivative: IcedTea 2.6.3
# Distribution: Debian GNU/Linux unstable (sid), package 7u91-2.6.3-1
# Failed to write core dump. Core dumps have been disabled. To enable core dumping, try "ulimit -c unlimited" before starting Java again
#

---------------  T H R E A D  ---------------

Current thread (0x00007f0ee8076000):  VMThread [stack: 0x00007f0ed3eff000,0x00007f0ed4000000] [id=5724]

Stack: [0x00007f0ed3eff000,0x00007f0ed4000000],  sp=0x00007f0ed3ffe4f0,  free space=1021k
Native frames: (J=compiled Java code, j=interpreted, Vv=VM code, C=native code)
V  [libjvm.so+0x9948e3]  VMError::report_and_die()+0x183
V  [libjvm.so+0x48a94f]  report_vm_out_of_memory(char const*, int, unsigned long, char const*)+0x8f
V  [libjvm.so+0x8013cb]  os::pd_commit_memory(char*, unsigned long, unsigned long, bool)+0xeb
V  [libjvm.so+0x7fb7be]  os::commit_memory(char*, unsigned long, unsigned long, bool)+0x2e
V  [libjvm.so+0x871bdb]  PSVirtualSpace::expand_by(unsigned long)+0x5b
V  [libjvm.so+0x873523]  PSYoungGen::resize(unsigned long, unsigned long)+0x103
V  [libjvm.so+0x86f7a8]  PSScavenge::invoke_no_policy()+0x14b8
V  [libjvm.so+0x86fa8c]  PSScavenge::invoke()+0x4c
V  [libjvm.so+0x824d83]  ParallelScavengeHeap::failed_mem_allocate(unsigned long)+0x63
V  [libjvm.so+0x996382]  VM_ParallelGCFailedAllocation::doit()+0x92
V  [libjvm.so+0x99b0c7]  VM_Operation::evaluate()+0x47
V  [libjvm.so+0x998958]  VMThread::evaluate_operation(VM_Operation*) [clone .constprop.31]+0xb8
V  [libjvm.so+0x999ccf]  VMThread::loop()+0x24f
V  [libjvm.so+0x99a1c1]  VMThread::run()+0x81
V  [libjvm.so+0x7fe2f2]  java_start(Thread*)+0xf2

VM_Operation (0x00007f0ed1a8f000): ParallelGCFailedAllocation, mode: safepoint, requested by thread 0x00007f0ee819c000


---------------  P R O C E S S  ---------------

Java Threads: ( => current thread )
  0x00007f0ee819c000 JavaThread "pool-2-thread-4" [_thread_blocked, id=5773, stack(0x00007f0ed1990000,0x00007f0ed1a91000)]
  0x00007f0ee819a800 JavaThread "pool-2-thread-3" [_thread_blocked, id=5772, stack(0x00007f0ed1a91000,0x00007f0ed1b92000)]
  0x00007f0ee8199000 JavaThread "pool-2-thread-2" [_thread_blocked, id=5771, stack(0x00007f0ed1b92000,0x00007f0ed1c93000)]
  0x00007f0ee8195000 JavaThread "pool-3-thread-1" [_thread_blocked, id=5770, stack(0x00007f0ed1c93000,0x00007f0ed1d94000)]
  0x00007f0ee8192800 JavaThread "pool-2-thread-1" [_thread_blocked, id=5769, stack(0x00007f0ed1d94000,0x00007f0ed1e95000)]
  0x00007f0ee80b2000 JavaThread "Service Thread" daemon [_thread_blocked, id=5747, stack(0x00007f0ed37c9000,0x00007f0ed38ca000)]
  0x00007f0ee80af800 JavaThread "C2 CompilerThread1" daemon [_thread_blocked, id=5746, stack(0x00007f0ed38ca000,0x00007f0ed39cb000)]
  0x00007f0ee80ac800 JavaThread "C2 CompilerThread0" daemon [_thread_blocked, id=5745, stack(0x00007f0ed39cb000,0x00007f0ed3acc000)]
  0x00007f0ee80aa800 JavaThread "Signal Dispatcher" daemon [_thread_blocked, id=5744, stack(0x00007f0ed3acc000,0x00007f0ed3bcd000)]
  0x00007f0ee807c000 JavaThread "Finalizer" daemon [_thread_blocked, id=5731, stack(0x00007f0ed3cfd000,0x00007f0ed3dfe000)]
  0x00007f0ee807a000 JavaThread "Reference Handler" daemon [_thread_blocked, id=5730, stack(0x00007f0ed3dfe000,0x00007f0ed3eff000)]
  0x00007f0ee800a800 JavaThread "main" [_thread_blocked, id=5704, stack(0x00007f0eee6cb000,0x00007f0eee7cc000)]

Other Threads:
=>0x00007f0ee8076000 VMThread [stack: 0x00007f0ed3eff000,0x00007f0ed4000000] [id=5724]
  0x00007f0ee80bc800 WatcherThread [stack: 0x00007f0ed36c8000,0x00007f0ed37c9000] [id=5748]

VM state:at safepoint (normal execution)

VM Mutex/Monitor currently owned by a thread:  ([mutex/lock_event])
[0x00007f0ee8006a40] Threads_lock - owner thread: 0x00007f0ee8076000
[0x00007f0ee8006f40] Heap_lock - owner thread: 0x00007f0ee819c000

Heap
 PSYoungGen      total 99840K, used 3553K [0x00000000eaa80000, 0x00000000f0f80000, 0x0000000100000000)
  eden space 96256K, 0% used [0x00000000eaa80000,0x00000000eaa80000,0x00000000f0880000)
  from space 3584K, 99% used [0x00000000f0880000,0x00000000f0bf86f8,0x00000000f0c00000)
  to   space 3584K, 0% used [0x00000000f0c00000,0x00000000f0c00000,0x00000000f0f80000)
 ParOldGen       total 62464K, used 34347K [0x00000000c0000000, 0x00000000c3d00000, 0x00000000eaa80000)
  object space 62464K, 54% used [0x00000000c0000000,0x00000000c218afc0,0x00000000c3d00000)
 PSPermGen       total 21504K, used 6282K [0x00000000b5a00000, 0x00000000b6f00000, 0x00000000c0000000)
  object space 21504K, 29% used [0x00000000b5a00000,0x00000000b6022998,0x00000000b6f00000)

Card table byte_map: [0x00007f0ee3f26000,0x00007f0ee417a000] byte_map_base: 0x00007f0ee3979000

Polling page: 0x00007f0eee7ef000

Code Cache  [0x00007f0ee417a000, 0x00007f0ee43ea000, 0x00007f0ee717a000)
 total_blobs=511 nmethods=280 adapters=184 free_code_cache=47925Kb largest_free_block=49024512

Compilation events (10 events):
Event: 14.352 Thread 0x00007f0ee80af800 nmethod 282 0x00007f0ee4226090 code [0x00007f0ee4226280, 0x00007f0ee4226ce8]
Event: 14.352 Thread 0x00007f0ee80af800  283   !         com.android.dx.ssa.LocalVariableInfo::getStarts0 (18 bytes)
Event: 14.352 Thread 0x00007f0ee80af800 nmethod 283 0x00007f0ee4278bd0 code [0x00007f0ee4278d20, 0x00007f0ee4278db8]
Event: 14.352 Thread 0x00007f0ee80af800  284             java.util.HashMap::getEntry (86 bytes)
Event: 14.378 Thread 0x00007f0ee80af800 nmethod 284 0x00007f0ee42786d0 code [0x00007f0ee4278820, 0x00007f0ee42789f8]
Event: 14.378 Thread 0x00007f0ee80af800  285             com.android.dx.ssa.SsaBasicBlock::getCountPhiInsns (45 bytes)
Event: 14.405 Thread 0x00007f0ee80af800 nmethod 285 0x00007f0ee4278210 code [0x00007f0ee4278360, 0x00007f0ee4278558]
Event: 14.405 Thread 0x00007f0ee80af800  286             com.android.dx.ssa.back.SsaToRop::convertInsns (53 bytes)
Event: 14.497 Thread 0x00007f0ee80af800 nmethod 286 0x00007f0ee4277750 code [0x00007f0ee42778e0, 0x00007f0ee4277d18]
Event: 14.497 Thread 0x00007f0ee80af800  287             com.android.dx.ssa.SsaMethod::forEachBlockDepthFirstDom (128 bytes)

GC Heap History (9 events):
Event: 1.024 GC heap before
{Heap before GC invocations=1 (full 0):
 PSYoungGen      total 27648K, used 24064K [0x00000000eaa80000, 0x00000000ec900000, 0x0000000100000000)
  eden space 24064K, 100% used [0x00000000eaa80000,0x00000000ec200000,0x00000000ec200000)
  from space 3584K, 0% used [0x00000000ec580000,0x00000000ec580000,0x00000000ec900000)
  to   space 3584K, 0% used [0x00000000ec200000,0x00000000ec200000,0x00000000ec580000)
 ParOldGen       total 62464K, used 0K [0x00000000c0000000, 0x00000000c3d00000, 0x00000000eaa80000)
  object space 62464K, 0% used [0x00000000c0000000,0x00000000c0000000,0x00000000c3d00000)
 PSPermGen       total 21504K, used 5810K [0x00000000b5a00000, 0x00000000b6f00000, 0x00000000c0000000)
  object space 21504K, 27% used [0x00000000b5a00000,0x00000000b5fac9f0,0x00000000b6f00000)
Event: 1.071 GC heap after
Heap after GC invocations=1 (full 0):
 PSYoungGen      total 27648K, used 3422K [0x00000000eaa80000, 0x00000000ee080000, 0x0000000100000000)
  eden space 24064K, 0% used [0x00000000eaa80000,0x00000000eaa80000,0x00000000ec200000)
  from space 3584K, 95% used [0x00000000ec200000,0x00000000ec5579b8,0x00000000ec580000)
  to   space 3584K, 0% used [0x00000000edd00000,0x00000000edd00000,0x00000000ee080000)
 ParOldGen       total 62464K, used 8K [0x00000000c0000000, 0x00000000c3d00000, 0x00000000eaa80000)
  object space 62464K, 0% used [0x00000000c0000000,0x00000000c0002000,0x00000000c3d00000)
 PSPermGen       total 21504K, used 5810K [0x00000000b5a00000, 0x00000000b6f00000, 0x00000000c0000000)
  object space 21504K, 27% used [0x00000000b5a00000,0x00000000b5fac9f0,0x00000000b6f00000)
}
Event: 2.949 GC heap before
{Heap before GC invocations=2 (full 0):
 PSYoungGen      total 27648K, used 27486K [0x00000000eaa80000, 0x00000000ee080000, 0x0000000100000000)
  eden space 24064K, 100% used [0x00000000eaa80000,0x00000000ec200000,0x00000000ec200000)
  from space 3584K, 95% used [0x00000000ec200000,0x00000000ec5579b8,0x00000000ec580000)
  to   space 3584K, 0% used [0x00000000edd00000,0x00000000edd00000,0x00000000ee080000)
 ParOldGen       total 62464K, used 8K [0x00000000c0000000, 0x00000000c3d00000, 0x00000000eaa80000)
  object space 62464K, 0% used [0x00000000c0000000,0x00000000c0002000,0x00000000c3d00000)
 PSPermGen       total 21504K, used 6109K [0x00000000b5a00000, 0x00000000b6f00000, 0x00000000c0000000)
  object space 21504K, 28% used [0x00000000b5a00000,0x00000000b5ff7508,0x00000000b6f00000)
Event: 3.001 GC heap after
Heap after GC invocations=2 (full 0):
 PSYoungGen      total 51712K, used 3565K [0x00000000eaa80000, 0x00000000ee080000, 0x0000000100000000)
  eden space 48128K, 0% used [0x00000000eaa80000,0x00000000eaa80000,0x00000000ed980000)
  from space 3584K, 99% used [0x00000000edd00000,0x00000000ee07b488,0x00000000ee080000)
  to   space 3584K, 0% used [0x00000000ed980000,0x00000000ed980000,0x00000000edd00000)
 ParOldGen       total 62464K, used 2545K [0x00000000c0000000, 0x00000000c3d00000, 0x00000000eaa80000)
  object space 62464K, 4% used [0x00000000c0000000,0x00000000c027c420,0x00000000c3d00000)
 PSPermGen       total 21504K, used 6109K [0x00000000b5a00000, 0x00000000b6f00000, 0x00000000c0000000)
  object space 21504K, 28% used [0x00000000b5a00000,0x00000000b5ff7508,0x00000000b6f00000)
}
Event: 5.800 GC heap before
{Heap before GC invocations=3 (full 0):
 PSYoungGen      total 51712K, used 51693K [0x00000000eaa80000, 0x00000000ee080000, 0x0000000100000000)
  eden space 48128K, 100% used [0x00000000eaa80000,0x00000000ed980000,0x00000000ed980000)
  from space 3584K, 99% used [0x00000000edd00000,0x00000000ee07b488,0x00000000ee080000)
  to   space 3584K, 0% used [0x00000000ed980000,0x00000000ed980000,0x00000000edd00000)
 ParOldGen       total 62464K, used 2545K [0x00000000c0000000, 0x00000000c3d00000, 0x00000000eaa80000)
  object space 62464K, 4% used [0x00000000c0000000,0x00000000c027c420,0x00000000c3d00000)
 PSPermGen       total 21504K, used 6199K [0x00000000b5a00000, 0x00000000b6f00000, 0x00000000c0000000)
  object space 21504K, 28% used [0x00000000b5a00000,0x00000000b600deb0,0x00000000b6f00000)
Event: 5.838 GC heap after
Heap after GC invocations=3 (full 0):
 PSYoungGen      total 51712K, used 3553K [0x00000000eaa80000, 0x00000000f0f80000, 0x0000000100000000)
  eden space 48128K, 0% used [0x00000000eaa80000,0x00000000eaa80000,0x00000000ed980000)
  from space 3584K, 99% used [0x00000000ed980000,0x00000000edcf8718,0x00000000edd00000)
  to   space 3584K, 0% used [0x00000000f0c00000,0x00000000f0c00000,0x00000000f0f80000)
 ParOldGen       total 62464K, used 10378K [0x00000000c0000000, 0x00000000c3d00000, 0x00000000eaa80000)
  object space 62464K, 16% used [0x00000000c0000000,0x00000000c0a22948,0x00000000c3d00000)
 PSPermGen       total 21504K, used 6199K [0x00000000b5a00000, 0x00000000b6f00000, 0x00000000c0000000)
  object space 21504K, 28% used [0x00000000b5a00000,0x00000000b600deb0,0x00000000b6f00000)
}
Event: 9.018 GC heap before
{Heap before GC invocations=4 (full 0):
 PSYoungGen      total 51712K, used 51681K [0x00000000eaa80000, 0x00000000f0f80000, 0x0000000100000000)
  eden space 48128K, 100% used [0x00000000eaa80000,0x00000000ed980000,0x00000000ed980000)
  from space 3584K, 99% used [0x00000000ed980000,0x00000000edcf8718,0x00000000edd00000)
  to   space 3584K, 0% used [0x00000000f0c00000,0x00000000f0c00000,0x00000000f0f80000)
 ParOldGen       total 62464K, used 10378K [0x00000000c0000000, 0x00000000c3d00000, 0x00000000eaa80000)
  object space 62464K, 16% used [0x00000000c0000000,0x00000000c0a22948,0x00000000c3d00000)
 PSPermGen       total 21504K, used 6230K [0x00000000b5a00000, 0x00000000b6f00000, 0x00000000c0000000)
  object space 21504K, 28% used [0x00000000b5a00000,0x00000000b6015b98,0x00000000b6f00000)
Event: 9.158 GC heap after
Heap after GC invocations=4 (full 0):
 PSYoungGen      total 99840K, used 3553K [0x00000000eaa80000, 0x00000000f0f80000, 0x0000000100000000)
  eden space 96256K, 0% used [0x00000000eaa80000,0x00000000eaa80000,0x00000000f0880000)
  from space 3584K, 99% used [0x00000000f0c00000,0x00000000f0f78718,0x00000000f0f80000)
  to   space 3584K, 0% used [0x00000000f0880000,0x00000000f0880000,0x00000000f0c00000)
 ParOldGen       total 62464K, used 18190K [0x00000000c0000000, 0x00000000c3d00000, 0x00000000eaa80000)
  object space 62464K, 29% used [0x00000000c0000000,0x00000000c11c3a58,0x00000000c3d00000)
 PSPermGen       total 21504K, used 6230K [0x00000000b5a00000, 0x00000000b6f00000, 0x00000000c0000000)
  object space 21504K, 28% used [0x00000000b5a00000,0x00000000b6015b98,0x00000000b6f00000)
}
Event: 16.023 GC heap before
{Heap before GC invocations=5 (full 0):
 PSYoungGen      total 99840K, used 99809K [0x00000000eaa80000, 0x00000000f0f80000, 0x0000000100000000)
  eden space 96256K, 100% used [0x00000000eaa80000,0x00000000f0880000,0x00000000f0880000)
  from space 3584K, 99% used [0x00000000f0c00000,0x00000000f0f78718,0x00000000f0f80000)
  to   space 3584K, 0% used [0x00000000f0880000,0x00000000f0880000,0x00000000f0c00000)
 ParOldGen       total 62464K, used 18190K [0x00000000c0000000, 0x00000000c3d00000, 0x00000000eaa80000)
  object space 62464K, 29% used [0x00000000c0000000,0x00000000c11c3a58,0x00000000c3d00000)
 PSPermGen       total 21504K, used 6282K [0x00000000b5a00000, 0x00000000b6f00000, 0x00000000c0000000)
  object space 21504K, 29% used [0x00000000b5a00000,0x00000000b6022998,0x00000000b6f00000)

Deoptimization events (10 events):
Event: 3.871 Thread 0x00007f0ee8199000 Uncommon trap: reason=unstable_if action=reinterpret pc=0x00007f0ee4205344 method=com.android.dx.rop.cst.Constant.compareTo(Lcom/android/dx/rop/cst/Constant;)I @ 12
Event: 4.011 Thread 0x00007f0ee819c000 Uncommon trap: reason=unstable_if action=reinterpret pc=0x00007f0ee421b4f4 method=com.android.dx.util.IntList.binarysearch(I)I @ 105
Event: 4.475 Thread 0x00007f0ee800a800 Uncommon trap: reason=null_check action=make_not_entrant pc=0x00007f0ee42493a4 method=com.android.dx.ssa.SsaRenamer.getLocalForNewReg(I)Lcom/android/dx/rop/code/LocalItem; @ 19
Event: 4.517 Thread 0x00007f0ee819c000 Uncommon trap: reason=unstable_if action=reinterpret pc=0x00007f0ee42091f0 method=com.android.dx.rop.code.RegisterSpec.equals(ILcom/android/dx/rop/type/TypeBearer;Lcom/android/dx/rop/code/LocalItem;)Z @ 42
Event: 5.026 Thread 0x00007f0ee819c000 Uncommon trap: reason=class_check action=maybe_recompile pc=0x00007f0ee42298bc method=java.util.HashMap.put(Ljava/lang/Object;Ljava/lang/Object;)Ljava/lang/Object; @ 83
Event: 5.026 Thread 0x00007f0ee819c000 Uncommon trap: reason=class_check action=maybe_recompile pc=0x00007f0ee42298bc method=java.util.HashMap.put(Ljava/lang/Object;Ljava/lang/Object;)Ljava/lang/Object; @ 83
Event: 5.026 Thread 0x00007f0ee819c000 Uncommon trap: reason=class_check action=maybe_recompile pc=0x00007f0ee42298bc method=java.util.HashMap.put(Ljava/lang/Object;Ljava/lang/Object;)Ljava/lang/Object; @ 83
Event: 5.026 Thread 0x00007f0ee819c000 Uncommon trap: reason=class_check action=maybe_recompile pc=0x00007f0ee42298bc method=java.util.HashMap.put(Ljava/lang/Object;Ljava/lang/Object;)Ljava/lang/Object; @ 83
Event: 11.785 Thread 0x00007f0ee8199000 Uncommon trap: reason=unstable_if action=reinterpret pc=0x00007f0ee4256600 method=com.android.dx.ssa.SCCP.simulateBranch(Lcom/android/dx/ssa/SsaInsn;)V @ 548
Event: 14.717 Thread 0x00007f0ee819a800 Uncommon trap: reason=null_check action=make_not_entrant pc=0x00007f0ee42af85c method=com.android.dx.cf.code.Ropper$CatchInfo.getSetup(Lcom/android/dx/rop/type/Type;)Lcom/android/dx/cf/code/Ropper$ExceptionHandlerSetup; @ 10

Internal exceptions (10 events):
Event: 1.378 Thread 0x00007f0ee8192800 Implicit null exception at 0x00007f0ee41fb7bb to 0x00007f0ee41fbbcd
Event: 1.601 Thread 0x00007f0ee819a800 Threw 0x00000000eb044298 at /home/packages/openjdk/7/openjdk-7-7u91-2.6.3/build/openjdk/hotspot/src/share/vm/prims/jvm.cpp:1322
Event: 1.953 Thread 0x00007f0ee8192800 Threw 0x00000000eb5278f8 at /home/packages/openjdk/7/openjdk-7-7u91-2.6.3/build/openjdk/hotspot/src/share/vm/prims/jvm.cpp:1322
Event: 2.749 Thread 0x00007f0ee800a800 Implicit null exception at 0x00007f0ee422675f to 0x00007f0ee4226e45
Event: 3.981 Thread 0x00007f0ee800a800 Threw 0x00000000ebb88540 at /home/packages/openjdk/7/openjdk-7-7u91-2.6.3/build/openjdk/hotspot/src/share/vm/prims/jvm.cpp:1322
Event: 4.156 Thread 0x00007f0ee800a800 Threw 0x00000000ebf6aa58 at /home/packages/openjdk/7/openjdk-7-7u91-2.6.3/build/openjdk/hotspot/src/share/vm/prims/jvm.cpp:1322
Event: 4.475 Thread 0x00007f0ee800a800 Implicit null exception at 0x00007f0ee42478bf to 0x00007f0ee4249381
Event: 5.621 Thread 0x00007f0ee800a800 Threw 0x00000000ed70dad0 at /home/packages/openjdk/7/openjdk-7-7u91-2.6.3/build/openjdk/hotspot/src/share/vm/prims/jvm.cpp:1322
Event: 14.328 Thread 0x00007f0ee800a800 Threw 0x00000000ef0d1598 at /home/packages/openjdk/7/openjdk-7-7u91-2.6.3/build/openjdk/hotspot/src/share/vm/prims/jvm.cpp:1322
Event: 14.717 Thread 0x00007f0ee819a800 Implicit null exception at 0x00007f0ee42aba35 to 0x00007f0ee42af815

Events (10 events):
Event: 11.785 Thread 0x00007f0ee8199000 Uncommon trap: trap_request=0xffffff75 fr.pc=0x00007f0ee4256600
Event: 11.785 Thread 0x00007f0ee8199000 DEOPT PACKING pc=0x00007f0ee4256600 sp=0x00007f0ed1c910a0
Event: 11.785 Thread 0x00007f0ee8199000 DEOPT UNPACKING pc=0x00007f0ee41b3445 sp=0x00007f0ed1c91078 mode 2
Event: 14.190 Thread 0x00007f0ee80af800 flushing nmethod 0x00007f0ee4225f10
Event: 14.328 loading class 0x00007f0ee8116710
Event: 14.328 loading class 0x00007f0ee8116710 done
Event: 14.717 Thread 0x00007f0ee819a800 Uncommon trap: trap_request=0xfffffff4 fr.pc=0x00007f0ee42af85c
Event: 14.717 Thread 0x00007f0ee819a800 DEOPT PACKING pc=0x00007f0ee42af85c sp=0x00007f0ed1b902e0
Event: 14.717 Thread 0x00007f0ee819a800 DEOPT UNPACKING pc=0x00007f0ee41b3445 sp=0x00007f0ed1b90248 mode 2
Event: 16.007 Executing VM operation: ParallelGCFailedAllocation


Dynamic libraries:
00400000-00401000 r-xp 00000000 08:06 2230453                            /usr/lib/jvm/java-7-openjdk-amd64/jre/bin/java
00600000-00601000 r--p 00000000 08:06 2230453                            /usr/lib/jvm/java-7-openjdk-amd64/jre/bin/java
00601000-00602000 rw-p 00001000 08:06 2230453                            /usr/lib/jvm/java-7-openjdk-amd64/jre/bin/java
00c97000-00cb8000 rw-p 00000000 00:00 0                                  [heap]
b5a00000-b6f00000 rw-p 00000000 00:00 0 
b6f00000-c0000000 rw-p 00000000 00:00 0 
c0000000-c3d00000 rw-p 00000000 00:00 0 
c3d00000-eaa80000 rw-p 00000000 00:00 0 
eaa80000-f0f80000 rw-p 00000000 00:00 0 
f9080000-100000000 rw-p 00000000 00:00 0 
7f0e98000000-7f0e98029000 rw-p 00000000 00:00 0 
7f0e98029000-7f0e9c000000 ---p 00000000 00:00 0 
7f0e9c000000-7f0e9c021000 rw-p 00000000 00:00 0 
7f0e9c021000-7f0ea0000000 ---p 00000000 00:00 0 
7f0ea0000000-7f0ea0021000 rw-p 00000000 00:00 0 
7f0ea0021000-7f0ea4000000 ---p 00000000 00:00 0 
7f0ea4000000-7f0ea4027000 rw-p 00000000 00:00 0 
7f0ea4027000-7f0ea8000000 ---p 00000000 00:00 0 
7f0ea8000000-7f0ea8021000 rw-p 00000000 00:00 0 
7f0ea8021000-7f0eac000000 ---p 00000000 00:00 0 
7f0eac000000-7f0eac034000 rw-p 00000000 00:00 0 
7f0eac034000-7f0eb0000000 ---p 00000000 00:00 0 
7f0eb0000000-7f0eb1396000 rw-p 00000000 00:00 0 
7f0eb1396000-7f0eb4000000 ---p 00000000 00:00 0 
7f0eb4000000-7f0eb4021000 rw-p 00000000 00:00 0 
7f0eb4021000-7f0eb8000000 ---p 00000000 00:00 0 
7f0eb8000000-7f0eb8021000 rw-p 00000000 00:00 0 
7f0eb8021000-7f0ebc000000 ---p 00000000 00:00 0 
7f0ebc000000-7f0ebdc27000 rw-p 00000000 00:00 0 
7f0ebdc27000-7f0ec0000000 ---p 00000000 00:00 0 
7f0ec0000000-7f0ec0021000 rw-p 00000000 00:00 0 
7f0ec0021000-7f0ec4000000 ---p 00000000 00:00 0 
7f0ec4000000-7f0ec4021000 rw-p 00000000 00:00 0 
7f0ec4021000-7f0ec8000000 ---p 00000000 00:00 0 
7f0ec8000000-7f0ec823e000 rw-p 00000000 00:00 0 
7f0ec823e000-7f0ecc000000 ---p 00000000 00:00 0 
7f0ecc000000-7f0ecc021000 rw-p 00000000 00:00 0 
7f0ecc021000-7f0ed0000000 ---p 00000000 00:00 0 
7f0ed1990000-7f0ed1993000 ---p 00000000 00:00 0 
7f0ed1993000-7f0ed1a91000 rw-p 00000000 00:00 0                          [stack:5773]
7f0ed1a91000-7f0ed1a94000 ---p 00000000 00:00 0 
7f0ed1a94000-7f0ed1b92000 rw-p 00000000 00:00 0                          [stack:5772]
7f0ed1b92000-7f0ed1b95000 ---p 00000000 00:00 0 
7f0ed1b95000-7f0ed1c93000 rw-p 00000000 00:00 0                          [stack:5771]
7f0ed1c93000-7f0ed1c96000 ---p 00000000 00:00 0 
7f0ed1c96000-7f0ed1d94000 rw-p 00000000 00:00 0                          [stack:5770]
7f0ed1d94000-7f0ed1d97000 ---p 00000000 00:00 0 
7f0ed1d97000-7f0ed1ec6000 rw-p 00000000 00:00 0                          [stack:5769]
7f0ed1ec6000-7f0ed1f34000 r-xp 00000000 08:06 2492011                    /lib/x86_64-linux-gnu/libpcre.so.3.13.2
7f0ed1f34000-7f0ed2134000 ---p 0006e000 08:06 2492011                    /lib/x86_64-linux-gnu/libpcre.so.3.13.2
7f0ed2134000-7f0ed2135000 r--p 0006e000 08:06 2492011                    /lib/x86_64-linux-gnu/libpcre.so.3.13.2
7f0ed2135000-7f0ed2136000 rw-p 0006f000 08:06 2492011                    /lib/x86_64-linux-gnu/libpcre.so.3.13.2
7f0ed2136000-7f0ed213d000 r-xp 00000000 08:06 1845974                    /usr/lib/x86_64-linux-gnu/libffi.so.6.0.4
7f0ed213d000-7f0ed233d000 ---p 00007000 08:06 1845974                    /usr/lib/x86_64-linux-gnu/libffi.so.6.0.4
7f0ed233d000-7f0ed233e000 r--p 00007000 08:06 1845974                    /usr/lib/x86_64-linux-gnu/libffi.so.6.0.4
7f0ed233e000-7f0ed233f000 rw-p 00008000 08:06 1845974                    /usr/lib/x86_64-linux-gnu/libffi.so.6.0.4
7f0ed233f000-7f0ed2353000 r-xp 00000000 08:06 2530162                    /lib/x86_64-linux-gnu/libresolv-2.22.so
7f0ed2353000-7f0ed2552000 ---p 00014000 08:06 2530162                    /lib/x86_64-linux-gnu/libresolv-2.22.so
7f0ed2552000-7f0ed2553000 r--p 00013000 08:06 2530162                    /lib/x86_64-linux-gnu/libresolv-2.22.so
7f0ed2553000-7f0ed2554000 rw-p 00014000 08:06 2530162                    /lib/x86_64-linux-gnu/libresolv-2.22.so
7f0ed2554000-7f0ed2556000 rw-p 00000000 00:00 0 
7f0ed2556000-7f0ed2575000 r-xp 00000000 08:06 2491847                    /lib/x86_64-linux-gnu/libselinux.so.1
7f0ed2575000-7f0ed2774000 ---p 0001f000 08:06 2491847                    /lib/x86_64-linux-gnu/libselinux.so.1
7f0ed2774000-7f0ed2775000 r--p 0001e000 08:06 2491847                    /lib/x86_64-linux-gnu/libselinux.so.1
7f0ed2775000-7f0ed2776000 rw-p 0001f000 08:06 2491847                    /lib/x86_64-linux-gnu/libselinux.so.1
7f0ed2776000-7f0ed2778000 rw-p 00000000 00:00 0 
7f0ed2778000-7f0ed277b000 r-xp 00000000 08:06 1835803                    /usr/lib/x86_64-linux-gnu/libgmodule-2.0.so.0.4800.0
7f0ed277b000-7f0ed297a000 ---p 00003000 08:06 1835803                    /usr/lib/x86_64-linux-gnu/libgmodule-2.0.so.0.4800.0
7f0ed297a000-7f0ed297b000 r--p 00002000 08:06 1835803                    /usr/lib/x86_64-linux-gnu/libgmodule-2.0.so.0.4800.0
7f0ed297b000-7f0ed297c000 rw-p 00003000 08:06 1835803                    /usr/lib/x86_64-linux-gnu/libgmodule-2.0.so.0.4800.0
7f0ed297c000-7f0ed2a8b000 r-xp 00000000 08:06 2491703                    /lib/x86_64-linux-gnu/libglib-2.0.so.0.4800.0
7f0ed2a8b000-7f0ed2c8a000 ---p 0010f000 08:06 2491703                    /lib/x86_64-linux-gnu/libglib-2.0.so.0.4800.0
7f0ed2c8a000-7f0ed2c8b000 r--p 0010e000 08:06 2491703                    /lib/x86_64-linux-gnu/libglib-2.0.so.0.4800.0
7f0ed2c8b000-7f0ed2c8c000 rw-p 0010f000 08:06 2491703                    /lib/x86_64-linux-gnu/libglib-2.0.so.0.4800.0
7f0ed2c8c000-7f0ed2c8d000 rw-p 00000000 00:00 0 
7f0ed2c8d000-7f0ed2cdf000 r-xp 00000000 08:06 1835774                    /usr/lib/x86_64-linux-gnu/libgobject-2.0.so.0.4800.0
7f0ed2cdf000-7f0ed2ede000 ---p 00052000 08:06 1835774                    /usr/lib/x86_64-linux-gnu/libgobject-2.0.so.0.4800.0
7f0ed2ede000-7f0ed2edf000 r--p 00051000 08:06 1835774                    /usr/lib/x86_64-linux-gnu/libgobject-2.0.so.0.4800.0
7f0ed2edf000-7f0ed2ee0000 rw-p 00052000 08:06 1835774                    /usr/lib/x86_64-linux-gnu/libgobject-2.0.so.0.4800.0
7f0ed2ee0000-7f0ed3060000 r-xp 00000000 08:06 1835860                    /usr/lib/x86_64-linux-gnu/libgio-2.0.so.0.4800.0
7f0ed3060000-7f0ed3260000 ---p 00180000 08:06 1835860                    /usr/lib/x86_64-linux-gnu/libgio-2.0.so.0.4800.0
7f0ed3260000-7f0ed3264000 r--p 00180000 08:06 1835860                    /usr/lib/x86_64-linux-gnu/libgio-2.0.so.0.4800.0
7f0ed3264000-7f0ed3266000 rw-p 00184000 08:06 1835860                    /usr/lib/x86_64-linux-gnu/libgio-2.0.so.0.4800.0
7f0ed3266000-7f0ed3268000 rw-p 00000000 00:00 0 
7f0ed3287000-7f0ed329e000 r-xp 00000000 08:06 2230498                    /usr/lib/jvm/java-7-openjdk-amd64/jre/lib/amd64/libnet.so
7f0ed329e000-7f0ed349e000 ---p 00017000 08:06 2230498                    /usr/lib/jvm/java-7-openjdk-amd64/jre/lib/amd64/libnet.so
7f0ed349e000-7f0ed349f000 r--p 00017000 08:06 2230498                    /usr/lib/jvm/java-7-openjdk-amd64/jre/lib/amd64/libnet.so
7f0ed349f000-7f0ed34a0000 rw-p 00018000 08:06 2230498                    /usr/lib/jvm/java-7-openjdk-amd64/jre/lib/amd64/libnet.so
7f0ed34a0000-7f0ed34b1000 r-xp 00000000 08:06 2230499                    /usr/lib/jvm/java-7-openjdk-amd64/jre/lib/amd64/libnio.so
7f0ed34b1000-7f0ed36b0000 ---p 00011000 08:06 2230499                    /usr/lib/jvm/java-7-openjdk-amd64/jre/lib/amd64/libnio.so
7f0ed36b0000-7f0ed36b1000 r--p 00010000 08:06 2230499                    /usr/lib/jvm/java-7-openjdk-amd64/jre/lib/amd64/libnio.so
7f0ed36b1000-7f0ed36b2000 rw-p 00011000 08:06 2230499                    /usr/lib/jvm/java-7-openjdk-amd64/jre/lib/amd64/libnio.so
7f0ed36b2000-7f0ed36c8000 r--s 000f1000 08:06 1972598                    /root/PolticsOne/app/build/intermediates/exploded-aar/com.android.support/support-v4/23.3.0/jars/classes.jar
7f0ed36c8000-7f0ed36c9000 ---p 00000000 00:00 0 
7f0ed36c9000-7f0ed37c9000 rw-p 00000000 00:00 0                          [stack:5748]
7f0ed37c9000-7f0ed37cc000 ---p 00000000 00:00 0 
7f0ed37cc000-7f0ed38ca000 rw-p 00000000 00:00 0                          [stack:5747]
7f0ed38ca000-7f0ed38cd000 ---p 00000000 00:00 0 
7f0ed38cd000-7f0ed39cb000 rw-p 00000000 00:00 0                          [stack:5746]
7f0ed39cb000-7f0ed39ce000 ---p 00000000 00:00 0 
7f0ed39ce000-7f0ed3acc000 rw-p 00000000 00:00 0                          [stack:5745]
7f0ed3acc000-7f0ed3acf000 ---p 00000000 00:00 0 
7f0ed3acf000-7f0ed3bcd000 rw-p 00000000 00:00 0                          [stack:5744]
7f0ed3bcd000-7f0ed3cfd000 r--p 00000000 08:06 2491844                    /usr/lib/locale/zu_ZA.utf8/LC_COLLATE
7f0ed3cfd000-7f0ed3d00000 ---p 00000000 00:00 0 
7f0ed3d00000-7f0ed3dfe000 rw-p 00000000 00:00 0                          [stack:5731]
7f0ed3dfe000-7f0ed3e01000 ---p 00000000 00:00 0 
7f0ed3e01000-7f0ed3eff000 rw-p 00000000 00:00 0                          [stack:5730]
7f0ed3eff000-7f0ed3f00000 ---p 00000000 00:00 0 
7f0ed3f00000-7f0ed4000000 rw-p 00000000 00:00 0                          [stack:5724]
7f0ed4000000-7f0ed4021000 rw-p 00000000 00:00 0 
7f0ed4021000-7f0ed8000000 ---p 00000000 00:00 0 
7f0ed8000000-7f0ed8021000 rw-p 00000000 00:00 0 
7f0ed8021000-7f0edc000000 ---p 00000000 00:00 0 
7f0edc000000-7f0edc021000 rw-p 00000000 00:00 0 
7f0edc021000-7f0ee0000000 ---p 00000000 00:00 0 
7f0ee000d000-7f0ee001c000 r--s 000df000 08:06 1864703                    /root/Android/Sdk/build-tools/23.0.2/lib/dx.jar
7f0ee001c000-7f0ee0020000 r--s 0003c000 08:06 2230532                    /usr/lib/jvm/java-7-openjdk-amd64/jre/lib/ext/sunpkcs11.jar
7f0ee0020000-7f0ee0022000 r--s 00007000 08:06 269207                     /usr/share/java/java-atk-wrapper.jar
7f0ee0022000-7f0ee0066000 r--p 00000000 08:06 2491889                    /usr/lib/locale/zu_ZA.utf8/LC_CTYPE
7f0ee0066000-7f0ee1021000 rw-p 00000000 00:00 0 
7f0ee1021000-7f0ee11d3000 r--s 01d2e000 08:06 2230565                    /usr/lib/jvm/java-7-openjdk-amd64/jre/lib/rt.jar
7f0ee11d3000-7f0ee39cc000 rw-p 00000000 00:00 0 
7f0ee39cc000-7f0ee39cd000 ---p 00000000 00:00 0 
7f0ee39cd000-7f0ee3acd000 rw-p 00000000 00:00 0                          [stack:5721]
7f0ee3acd000-7f0ee3ace000 ---p 00000000 00:00 0 
7f0ee3ace000-7f0ee3bce000 rw-p 00000000 00:00 0                          [stack:5720]
7f0ee3bce000-7f0ee3bcf000 ---p 00000000 00:00 0 
7f0ee3bcf000-7f0ee3ccf000 rw-p 00000000 00:00 0                          [stack:5719]
7f0ee3ccf000-7f0ee3cd0000 ---p 00000000 00:00 0 
7f0ee3cd0000-7f0ee3def000 rw-p 00000000 00:00 0                          [stack:5716]
7f0ee3def000-7f0ee3f26000 rw-p 00000000 00:00 0 
7f0ee3f26000-7f0ee3f31000 rw-p 00000000 00:00 0 
7f0ee3f31000-7f0ee3f79000 rw-p 00000000 00:00 0 
7f0ee3f79000-7f0ee3f98000 rw-p 00000000 00:00 0 
7f0ee3f98000-7f0ee40ce000 rw-p 00000000 00:00 0 
7f0ee40ce000-7f0ee4101000 rw-p 00000000 00:00 0 
7f0ee4101000-7f0ee4179000 rw-p 00000000 00:00 0 
7f0ee4179000-7f0ee417a000 rw-p 00000000 00:00 0 
7f0ee417a000-7f0ee43ea000 rwxp 00000000 00:00 0 
7f0ee43ea000-7f0ee717a000 rw-p 00000000 00:00 0 
7f0ee717a000-7f0ee7182000 r-xp 00000000 08:06 2230505                    /usr/lib/jvm/java-7-openjdk-amd64/jre/lib/amd64/libzip.so
7f0ee7182000-7f0ee7381000 ---p 00008000 08:06 2230505                    /usr/lib/jvm/java-7-openjdk-amd64/jre/lib/amd64/libzip.so
7f0ee7381000-7f0ee7382000 r--p 00007000 08:06 2230505                    /usr/lib/jvm/java-7-openjdk-amd64/jre/lib/amd64/libzip.so
7f0ee7382000-7f0ee7383000 rw-p 00008000 08:06 2230505                    /usr/lib/jvm/java-7-openjdk-amd64/jre/lib/amd64/libzip.so
7f0ee7383000-7f0ee738e000 r-xp 00000000 08:06 2530154                    /lib/x86_64-linux-gnu/libnss_files-2.22.so
7f0ee738e000-7f0ee758d000 ---p 0000b000 08:06 2530154                    /lib/x86_64-linux-gnu/libnss_files-2.22.so
7f0ee758d000-7f0ee758e000 r--p 0000a000 08:06 2530154                    /lib/x86_64-linux-gnu/libnss_files-2.22.so
7f0ee758e000-7f0ee758f000 rw-p 0000b000 08:06 2530154                    /lib/x86_64-linux-gnu/libnss_files-2.22.so
7f0ee758f000-7f0ee7595000 rw-p 00000000 00:00 0 
7f0ee7595000-7f0ee759f000 r-xp 00000000 08:06 2530158                    /lib/x86_64-linux-gnu/libnss_nis-2.22.so
7f0ee759f000-7f0ee779f000 ---p 0000a000 08:06 2530158                    /lib/x86_64-linux-gnu/libnss_nis-2.22.so
7f0ee779f000-7f0ee77a0000 r--p 0000a000 08:06 2530158                    /lib/x86_64-linux-gnu/libnss_nis-2.22.so
7f0ee77a0000-7f0ee77a1000 rw-p 0000b000 08:06 2530158                    /lib/x86_64-linux-gnu/libnss_nis-2.22.so
7f0ee77a1000-7f0ee77b6000 r-xp 00000000 08:06 2528289                    /lib/x86_64-linux-gnu/libnsl-2.22.so
7f0ee77b6000-7f0ee79b5000 ---p 00015000 08:06 2528289                    /lib/x86_64-linux-gnu/libnsl-2.22.so
7f0ee79b5000-7f0ee79b6000 r--p 00014000 08:06 2528289                    /lib/x86_64-linux-gnu/libnsl-2.22.so
7f0ee79b6000-7f0ee79b7000 rw-p 00015000 08:06 2528289                    /lib/x86_64-linux-gnu/libnsl-2.22.so
7f0ee79b7000-7f0ee79b9000 rw-p 00000000 00:00 0 
7f0ee79b9000-7f0ee79c0000 r-xp 00000000 08:06 2528352                    /lib/x86_64-linux-gnu/libnss_compat-2.22.so
7f0ee79c0000-7f0ee7bbf000 ---p 00007000 08:06 2528352                    /lib/x86_64-linux-gnu/libnss_compat-2.22.so
7f0ee7bbf000-7f0ee7bc0000 r--p 00006000 08:06 2528352                    /lib/x86_64-linux-gnu/libnss_compat-2.22.so
7f0ee7bc0000-7f0ee7bc1000 rw-p 00007000 08:06 2528352                    /lib/x86_64-linux-gnu/libnss_compat-2.22.so
7f0ee7bc1000-7f0ee7bed000 r-xp 00000000 08:06 2230484                    /usr/lib/jvm/java-7-openjdk-amd64/jre/lib/amd64/libjava.so
7f0ee7bed000-7f0ee7dec000 ---p 0002c000 08:06 2230484                    /usr/lib/jvm/java-7-openjdk-amd64/jre/lib/amd64/libjava.so
7f0ee7dec000-7f0ee7ded000 r--p 0002b000 08:06 2230484                    /usr/lib/jvm/java-7-openjdk-amd64/jre/lib/amd64/libjava.so
7f0ee7ded000-7f0ee7def000 rw-p 0002c000 08:06 2230484                    /usr/lib/jvm/java-7-openjdk-amd64/jre/lib/amd64/libjava.so
7f0ee7def000-7f0ee7dfe000 r-xp 00000000 08:06 2230504                    /usr/lib/jvm/java-7-openjdk-amd64/jre/lib/amd64/libverify.so
7f0ee7dfe000-7f0ee7ffd000 ---p 0000f000 08:06 2230504                    /usr/lib/jvm/java-7-openjdk-amd64/jre/lib/amd64/libverify.so
7f0ee7ffd000-7f0ee7fff000 r--p 0000e000 08:06 2230504                    /usr/lib/jvm/java-7-openjdk-amd64/jre/lib/amd64/libverify.so
7f0ee7fff000-7f0ee8000000 rw-p 00010000 08:06 2230504                    /usr/lib/jvm/java-7-openjdk-amd64/jre/lib/amd64/libverify.so
7f0ee8000000-7f0ee81ea000 rw-p 00000000 00:00 0 
7f0ee81ea000-7f0eec000000 ---p 00000000 00:00 0 
7f0eec001000-7f0eec005000 r--s 00085000 08:06 2230530                    /usr/lib/jvm/java-7-openjdk-amd64/jre/lib/ext/localedata.jar
7f0eec005000-7f0eec0d5000 rw-p 00000000 00:00 0 
7f0eec0d5000-7f0eec11d000 rw-p 00000000 00:00 0 
7f0eec11d000-7f0eec124000 r-xp 00000000 08:06 2530163                    /lib/x86_64-linux-gnu/librt-2.22.so
7f0eec124000-7f0eec323000 ---p 00007000 08:06 2530163                    /lib/x86_64-linux-gnu/librt-2.22.so
7f0eec323000-7f0eec324000 r--p 00006000 08:06 2530163                    /lib/x86_64-linux-gnu/librt-2.22.so
7f0eec324000-7f0eec325000 rw-p 00007000 08:06 2530163                    /lib/x86_64-linux-gnu/librt-2.22.so
7f0eec325000-7f0eec33b000 r-xp 00000000 08:06 2530142                    /lib/x86_64-linux-gnu/libgcc_s.so.1
7f0eec33b000-7f0eec53a000 ---p 00016000 08:06 2530142                    /lib/x86_64-linux-gnu/libgcc_s.so.1
7f0eec53a000-7f0eec53b000 rw-p 00015000 08:06 2530142                    /lib/x86_64-linux-gnu/libgcc_s.so.1
7f0eec53b000-7f0eec638000 r-xp 00000000 08:06 2492395                    /lib/x86_64-linux-gnu/libm-2.22.so
7f0eec638000-7f0eec837000 ---p 000fd000 08:06 2492395                    /lib/x86_64-linux-gnu/libm-2.22.so
7f0eec837000-7f0eec838000 r--p 000fc000 08:06 2492395                    /lib/x86_64-linux-gnu/libm-2.22.so
7f0eec838000-7f0eec839000 rw-p 000fd000 08:06 2492395                    /lib/x86_64-linux-gnu/libm-2.22.so
7f0eec839000-7f0eec9a4000 r-xp 00000000 08:06 1835795                    /usr/lib/x86_64-linux-gnu/libstdc++.so.6.0.21
7f0eec9a4000-7f0eecba4000 ---p 0016b000 08:06 1835795                    /usr/lib/x86_64-linux-gnu/libstdc++.so.6.0.21
7f0eecba4000-7f0eecbae000 r--p 0016b000 08:06 1835795                    /usr/lib/x86_64-linux-gnu/libstdc++.so.6.0.21
7f0eecbae000-7f0eecbb0000 rw-p 00175000 08:06 1835795                    /usr/lib/x86_64-linux-gnu/libstdc++.so.6.0.21
7f0eecbb0000-7f0eecbb4000 rw-p 00000000 00:00 0 
7f0eecbb4000-7f0eed705000 r-xp 00000000 08:06 2230510                    /usr/lib/jvm/java-7-openjdk-amd64/jre/lib/amd64/server/libjvm.so
7f0eed705000-7f0eed904000 ---p 00b51000 08:06 2230510                    /usr/lib/jvm/java-7-openjdk-amd64/jre/lib/amd64/server/libjvm.so
7f0eed904000-7f0eed995000 r--p 00b50000 08:06 2230510                    /usr/lib/jvm/java-7-openjdk-amd64/jre/lib/amd64/server/libjvm.so
7f0eed995000-7f0eed9b8000 rw-p 00be1000 08:06 2230510                    /usr/lib/jvm/java-7-openjdk-amd64/jre/lib/amd64/server/libjvm.so
7f0eed9b8000-7f0eed9e3000 rw-p 00000000 00:00 0 
7f0eed9e3000-7f0eed9fd000 r-xp 00000000 08:06 2492158                    /lib/x86_64-linux-gnu/libz.so.1.2.8
7f0eed9fd000-7f0eedbfc000 ---p 0001a000 08:06 2492158                    /lib/x86_64-linux-gnu/libz.so.1.2.8
7f0eedbfc000-7f0eedbfd000 r--p 00019000 08:06 2492158                    /lib/x86_64-linux-gnu/libz.so.1.2.8
7f0eedbfd000-7f0eedbfe000 rw-p 0001a000 08:06 2492158                    /lib/x86_64-linux-gnu/libz.so.1.2.8
7f0eedbfe000-7f0eedd98000 r-xp 00000000 08:06 2491854                    /lib/x86_64-linux-gnu/libc-2.22.so
7f0eedd98000-7f0eedf98000 ---p 0019a000 08:06 2491854                    /lib/x86_64-linux-gnu/libc-2.22.so
7f0eedf98000-7f0eedf9c000 r--p 0019a000 08:06 2491854                    /lib/x86_64-linux-gnu/libc-2.22.so
7f0eedf9c000-7f0eedf9e000 rw-p 0019e000 08:06 2491854                    /lib/x86_64-linux-gnu/libc-2.22.so
7f0eedf9e000-7f0eedfa2000 rw-p 00000000 00:00 0 
7f0eedfa2000-7f0eedfa4000 r-xp 00000000 08:06 2492394                    /lib/x86_64-linux-gnu/libdl-2.22.so
7f0eedfa4000-7f0eee1a4000 ---p 00002000 08:06 2492394                    /lib/x86_64-linux-gnu/libdl-2.22.so
7f0eee1a4000-7f0eee1a5000 r--p 00002000 08:06 2492394                    /lib/x86_64-linux-gnu/libdl-2.22.so
7f0eee1a5000-7f0eee1a6000 rw-p 00003000 08:06 2492394                    /lib/x86_64-linux-gnu/libdl-2.22.so
7f0eee1a6000-7f0eee1b3000 r-xp 00000000 08:06 2230469                    /usr/lib/jvm/java-7-openjdk-amd64/jre/lib/amd64/jli/libjli.so
7f0eee1b3000-7f0eee3b2000 ---p 0000d000 08:06 2230469                    /usr/lib/jvm/java-7-openjdk-amd64/jre/lib/amd64/jli/libjli.so
7f0eee3b2000-7f0eee3b3000 r--p 0000c000 08:06 2230469                    /usr/lib/jvm/java-7-openjdk-amd64/jre/lib/amd64/jli/libjli.so
7f0eee3b3000-7f0eee3b4000 rw-p 0000d000 08:06 2230469                    /usr/lib/jvm/java-7-openjdk-amd64/jre/lib/amd64/jli/libjli.so
7f0eee3b4000-7f0eee3cc000 r-xp 00000000 08:06 2491704                    /lib/x86_64-linux-gnu/libpthread-2.22.so
7f0eee3cc000-7f0eee5cb000 ---p 00018000 08:06 2491704                    /lib/x86_64-linux-gnu/libpthread-2.22.so
7f0eee5cb000-7f0eee5cc000 r--p 00017000 08:06 2491704                    /lib/x86_64-linux-gnu/libpthread-2.22.so
7f0eee5cc000-7f0eee5cd000 rw-p 00018000 08:06 2491704                    /lib/x86_64-linux-gnu/libpthread-2.22.so
7f0eee5cd000-7f0eee5d1000 rw-p 00000000 00:00 0 
7f0eee5d1000-7f0eee5f3000 r-xp 00000000 08:06 2491731                    /lib/x86_64-linux-gnu/ld-2.22.so
7f0eee5f3000-7f0eee615000 rw-p 00000000 00:00 0 
7f0eee615000-7f0eee6cb000 rw-p 00000000 00:00 0 
7f0eee6cb000-7f0eee6ce000 ---p 00000000 00:00 0 
7f0eee6ce000-7f0eee7d2000 rw-p 00000000 00:00 0                          [stack:5704]
7f0eee7d2000-7f0eee7d6000 r--s 00034000 08:06 2230531                    /usr/lib/jvm/java-7-openjdk-amd64/jre/lib/ext/sunjce_provider.jar
7f0eee7d6000-7f0eee7d9000 r--s 0000f000 08:06 2230527                    /usr/lib/jvm/java-7-openjdk-amd64/jre/lib/ext/icedtea-sound.jar
7f0eee7d9000-7f0eee7da000 r--s 00002000 08:06 2230526                    /usr/lib/jvm/java-7-openjdk-amd64/jre/lib/ext/dnsns.jar
7f0eee7da000-7f0eee7dc000 r--s 00012000 08:06 2230533                    /usr/lib/jvm/java-7-openjdk-amd64/jre/lib/ext/zipfs.jar
7f0eee7dc000-7f0eee7dd000 r--p 00000000 08:06 2532460                    /usr/lib/locale/te_IN/LC_NUMERIC
7f0eee7dd000-7f0eee7de000 r--p 00000000 08:06 2232190                    /usr/lib/locale/en_IN/LC_TIME
7f0eee7de000-7f0eee7df000 r--p 00000000 08:06 2532122                    /usr/lib/locale/ur_IN/LC_MONETARY
7f0eee7df000-7f0eee7e0000 r--p 00000000 08:06 2493572                    /usr/lib/locale/zh_SG.utf8/LC_MESSAGES/SYS_LC_MESSAGES
7f0eee7e0000-7f0eee7e1000 r--p 00000000 08:06 2491772                    /usr/lib/locale/zu_ZA.utf8/LC_PAPER
7f0eee7e1000-7f0eee7e2000 r--p 00000000 08:06 2232193                    /usr/lib/locale/en_IN/LC_NAME
7f0eee7e2000-7f0eee7e3000 r--p 00000000 08:06 2232188                    /usr/lib/locale/en_IN/LC_ADDRESS
7f0eee7e3000-7f0eee7e4000 r--p 00000000 08:06 2532124                    /usr/lib/locale/ur_IN/LC_TELEPHONE
7f0eee7e4000-7f0eee7e5000 r--p 00000000 08:06 2491770                    /usr/lib/locale/zu_ZA.utf8/LC_MEASUREMENT
7f0eee7e5000-7f0eee7e6000 r--p 00000000 08:06 2232186                    /usr/lib/locale/en_IN/LC_IDENTIFICATION
7f0eee7e6000-7f0eee7ee000 rw-s 00000000 08:06 2374381                    /tmp/hsperfdata_root/5692
7f0eee7ee000-7f0eee7ef000 rw-p 00000000 00:00 0 
7f0eee7ef000-7f0eee7f0000 ---p 00000000 00:00 0 
7f0eee7f0000-7f0eee7f2000 rw-p 00000000 00:00 0 
7f0eee7f2000-7f0eee7f3000 r--p 00021000 08:06 2491731                    /lib/x86_64-linux-gnu/ld-2.22.so
7f0eee7f3000-7f0eee7f4000 rw-p 00022000 08:06 2491731                    /lib/x86_64-linux-gnu/ld-2.22.so
7f0eee7f4000-7f0eee7f5000 rw-p 00000000 00:00 0 
7ffffd545000-7ffffd566000 rw-p 00000000 00:00 0                          [stack]
7ffffd5ea000-7ffffd5ec000 r--p 00000000 00:00 0                          [vvar]
7ffffd5ec000-7ffffd5ee000 r-xp 00000000 00:00 0                          [vdso]
ffffffffff600000-ffffffffff601000 r-xp 00000000 00:00 0                  [vsyscall]

VM Arguments:
jvm_args: -Djava.awt.headless=true -Xmx1024M -Dfile.encoding=UTF-8 -Duser.country=IN -Duser.language=en -Duser.variant 
java_command: com.android.dx.command.Main --dex --force-jumbo --num-threads=4 --multi-dex --output /root/PolticsOne/app/build/intermediates/transforms/dex/debug/folders/1000/10/com.android.support-support-v4-23.3.0_4bd8bf3b008ed87a672460efbc0300867101c6e5 /root/PolticsOne/app/build/intermediates/exploded-aar/com.android.support/support-v4/23.3.0/jars/classes.jar
Launcher Type: SUN_STANDARD

Environment Variables:
PATH=/usr/local/sbin:/usr/local/bin:/usr/sbin:/usr/bin:/sbin:/bin
USERNAME=root
LD_LIBRARY_PATH=.:
SHELL=/bin/bash
DISPLAY=:0

Signal Handlers:
SIGSEGV: [libjvm.so+0x995440], sa_mask[0]=0x7ffbfeff, sa_flags=0x10000004
SIGBUS: [libjvm.so+0x995440], sa_mask[0]=0x7ffbfeff, sa_flags=0x10000004
SIGFPE: [libjvm.so+0x7fc630], sa_mask[0]=0x7ffbfeff, sa_flags=0x10000004
SIGPIPE: [libjvm.so+0x7fc630], sa_mask[0]=0x7ffbfeff, sa_flags=0x10000004
SIGXFSZ: [libjvm.so+0x7fc630], sa_mask[0]=0x7ffbfeff, sa_flags=0x10000004
SIGILL: [libjvm.so+0x7fc630], sa_mask[0]=0x7ffbfeff, sa_flags=0x10000004
SIGUSR1: SIG_DFL, sa_mask[0]=0x00000000, sa_flags=0x00000000
SIGUSR2: [libjvm.so+0x7fc4b0], sa_mask[0]=0x00000004, sa_flags=0x10000004
SIGHUP: [libjvm.so+0x7fc640], sa_mask[0]=0x7ffbfeff, sa_flags=0x10000004
SIGINT: [libjvm.so+0x7fc640], sa_mask[0]=0x7ffbfeff, sa_flags=0x10000004
SIGTERM: [libjvm.so+0x7fc640], sa_mask[0]=0x7ffbfeff, sa_flags=0x10000004
SIGQUIT: [libjvm.so+0x7fc640], sa_mask[0]=0x7ffbfeff, sa_flags=0x10000004
SIGTRAP: SIG_DFL, sa_mask[0]=0x00000000, sa_flags=0x00000000


---------------  S Y S T E M  ---------------

OS:Kali kali-rolling (kali-rolling)
uname:Linux 4.4.0-kali1-amd64 #1 SMP Debian 4.4.6-1kali1 (2016-03-18) x86_64
libc:glibc 2.22 NPTL 2.22 
rlimit: STACK 8192k, CORE 0k, NPROC 23335, NOFILE 4096, AS infinity
load average:4.98 1.50 0.93

/proc/meminfo:
MemTotal:        6000984 kB
MemFree:           29348 kB
MemAvailable:      64772 kB
Buffers:            1560 kB
Cached:           791232 kB
SwapCached:            0 kB
Active:          5155816 kB
Inactive:         629064 kB
Active(anon):    5137888 kB
Inactive(anon):   610668 kB
Active(file):      17928 kB
Inactive(file):    18396 kB
Unevictable:           0 kB
Mlocked:               0 kB
SwapTotal:             0 kB
SwapFree:              0 kB
Dirty:              6676 kB
Writeback:             0 kB
AnonPages:       4992756 kB
Mapped:           204064 kB
Shmem:            755916 kB
Slab:              79632 kB
SReclaimable:      35604 kB
SUnreclaim:        44028 kB
KernelStack:       13408 kB
PageTables:        47304 kB
NFS_Unstable:          0 kB
Bounce:                0 kB
WritebackTmp:          0 kB
CommitLimit:     3000492 kB
Committed_AS:   11470488 kB
VmallocTotal:   34359738367 kB
VmallocUsed:           0 kB
VmallocChunk:          0 kB
HardwareCorrupted:     0 kB
AnonHugePages:         0 kB
HugePages_Total:       0
HugePages_Free:        0
HugePages_Rsvd:        0
HugePages_Surp:        0
Hugepagesize:       2048 kB
DirectMap4k:      203520 kB
DirectMap2M:     5974016 kB
DirectMap1G:     1048576 kB


CPU:total 4 (2 cores per cpu, 2 threads per core) family 6 model 69 stepping 1, cmov, cx8, fxsr, mmx, sse, sse2, sse3, ssse3, sse4.1, sse4.2, popcnt, avx, avx2, aes, erms, ht, tsc, tscinvbit

/proc/cpuinfo:
processor	: 0
vendor_id	: GenuineIntel
cpu family	: 6
model		: 69
model name	: Intel(R) Core(TM) i5-4200U CPU @ 1.60GHz
stepping	: 1
microcode	: 0x1d
cpu MHz		: 2300.000
cache size	: 3072 KB
physical id	: 0
siblings	: 4
core id		: 0
cpu cores	: 2
apicid		: 0
initial apicid	: 0
fpu		: yes
fpu_exception	: yes
cpuid level	: 13
wp		: yes
flags		: fpu vme de pse tsc msr pae mce cx8 apic sep mtrr pge mca cmov pat pse36 clflush dts acpi mmx fxsr sse sse2 ss ht tm pbe syscall nx pdpe1gb rdtscp lm constant_tsc arch_perfmon pebs bts rep_good nopl xtopology nonstop_tsc aperfmperf eagerfpu pni pclmulqdq dtes64 monitor ds_cpl vmx est tm2 ssse3 sdbg fma cx16 xtpr pdcm pcid sse4_1 sse4_2 movbe popcnt tsc_deadline_timer aes xsave avx f16c rdrand lahf_lm abm ida arat epb pln pts dtherm tpr_shadow vnmi flexpriority ept vpid fsgsbase tsc_adjust bmi1 avx2 smep bmi2 erms invpcid xsaveopt
bugs		:
bogomips	: 4589.53
clflush size	: 64
cache_alignment	: 64
address sizes	: 39 bits physical, 48 bits virtual
power management:

processor	: 1
vendor_id	: GenuineIntel
cpu family	: 6
model		: 69
model name	: Intel(R) Core(TM) i5-4200U CPU @ 1.60GHz
stepping	: 1
microcode	: 0x1d
cpu MHz		: 2300.000
cache size	: 3072 KB
physical id	: 0
siblings	: 4
core id		: 0
cpu cores	: 2
apicid		: 1
initial apicid	: 1
fpu		: yes
fpu_exception	: yes
cpuid level	: 13
wp		: yes
flags		: fpu vme de pse tsc msr pae mce cx8 apic sep mtrr pge mca cmov pat pse36 clflush dts acpi mmx fxsr sse sse2 ss ht tm pbe syscall nx pdpe1gb rdtscp lm constant_tsc arch_perfmon pebs bts rep_good nopl xtopology nonstop_tsc aperfmperf eagerfpu pni pclmulqdq dtes64 monitor ds_cpl vmx est tm2 ssse3 sdbg fma cx16 xtpr pdcm pcid sse4_1 sse4_2 movbe popcnt tsc_deadline_timer aes xsave avx f16c rdrand lahf_lm abm ida arat epb pln pts dtherm tpr_shadow vnmi flexpriority ept vpid fsgsbase tsc_adjust bmi1 avx2 smep bmi2 erms invpcid xsaveopt
bugs		:
bogomips	: 4589.53
clflush size	: 64
cache_alignment	: 64
address sizes	: 39 bits physical, 48 bits virtual
power management:

processor	: 2
vendor_id	: GenuineIntel
cpu family	: 6
model		: 69
model name	: Intel(R) Core(TM) i5-4200U CPU @ 1.60GHz
stepping	: 1
microcode	: 0x1d
cpu MHz		: 2300.000
cache size	: 3072 KB
physical id	: 0
siblings	: 4
core id		: 1
cpu cores	: 2
apicid		: 2
initial apicid	: 2
fpu		: yes
fpu_exception	: yes
cpuid level	: 13
wp		: yes
flags		: fpu vme de pse tsc msr pae mce cx8 apic sep mtrr pge mca cmov pat pse36 clflush dts acpi mmx fxsr sse sse2 ss ht tm pbe syscall nx pdpe1gb rdtscp lm constant_tsc arch_perfmon pebs bts rep_good nopl xtopology nonstop_tsc aperfmperf eagerfpu pni pclmulqdq dtes64 monitor ds_cpl vmx est tm2 ssse3 sdbg fma cx16 xtpr pdcm pcid sse4_1 sse4_2 movbe popcnt tsc_deadline_timer aes xsave avx f16c rdrand lahf_lm abm ida arat epb pln pts dtherm tpr_shadow vnmi flexpriority ept vpid fsgsbase tsc_adjust bmi1 avx2 smep bmi2 erms invpcid xsaveopt
bugs		:
bogomips	: 4589.53
clflush size	: 64
cache_alignment	: 64
address sizes	: 39 bits physical, 48 bits virtual
power management:

processor	: 3
vendor_id	: GenuineIntel
cpu family	: 6
model		: 69
model name	: Intel(R) Core(TM) i5-4200U CPU @ 1.60GHz
stepping	: 1
microcode	: 0x1d
cpu MHz		: 2300.000
cache size	: 3072 KB
physical id	: 0
siblings	: 4
core id		: 1
cpu cores	: 2
apicid		: 3
initial apicid	: 3
fpu		: yes
fpu_exception	: yes
cpuid level	: 13
wp		: yes
flags		: fpu vme de pse tsc msr pae mce cx8 apic sep mtrr pge mca cmov pat pse36 clflush dts acpi mmx fxsr sse sse2 ss ht tm pbe syscall nx pdpe1gb rdtscp lm constant_tsc arch_perfmon pebs bts rep_good nopl xtopology nonstop_tsc aperfmperf eagerfpu pni pclmulqdq dtes64 monitor ds_cpl vmx est tm2 ssse3 sdbg fma cx16 xtpr pdcm pcid sse4_1 sse4_2 movbe popcnt tsc_deadline_timer aes xsave avx f16c rdrand lahf_lm abm ida arat epb pln pts dtherm tpr_shadow vnmi flexpriority ept vpid fsgsbase tsc_adjust bmi1 avx2 smep bmi2 erms invpcid xsaveopt
bugs		:
bogomips	: 4589.53
clflush size	: 64
cache_alignment	: 64
address sizes	: 39 bits physical, 48 bits virtual
power management:



Memory: 4k page, physical 6000984k(29348k free), swap 0k(0k free)

vm_info: OpenJDK 64-Bit Server VM (24.91-b01) for linux-amd64 JRE (1.7.0_91-b02), built on Nov 19 2015 01:34:49 by "doko" with gcc 5.2.1 20151028

time: Sat Apr 23 02:57:41 2016
elapsed time: 16 seconds

